Starting server with Config HP="127.0.0.1:44887"|T="28800000"|R="false"|L="info"
time="2026-03-12T21:20:15+01:00" level=info msg="Creating root@localhost superuser"
time="2026-03-12T21:20:15+01:00" level=info msg="Server ready. Accepting connections."
time="2026-03-12T21:20:15+01:00" level=warning msg="secure_file_priv is set to \"\", which is insecure."
time="2026-03-12T21:20:15+01:00" level=warning msg="Any user with GRANT FILE privileges will be able to read any file which the sql-server process can read."
time="2026-03-12T21:20:15+01:00" level=warning msg="Please consider restarting the server with secure_file_priv set to a safe (or non-existent) directory."
time="2026-03-12T21:20:15+01:00" level=info msg=NewConnection DisableClientMultiStatements=false connectionID=1
time="2026-03-12T21:20:15+01:00" level=info msg=NewConnection DisableClientMultiStatements=false connectionID=2
time="2026-03-12T21:20:15+01:00" level=info msg=ConnectionClosed connectionID=1
time="2026-03-12T21:20:15+01:00" level=info msg=ConnectionClosed connectionID=2
time="2026-03-12T21:20:15+01:00" level=info msg=NewConnection DisableClientMultiStatements=false connectionID=3
time="2026-03-12T21:20:15+01:00" level=info msg=NewConnection DisableClientMultiStatements=false connectionID=4
time="2026-03-12T21:20:15+01:00" level=info msg=ConnectionClosed connectionID=3
time="2026-03-12T21:20:15+01:00" level=warning msg="error running query" connectTime="2026-03-12 21:20:15.793026247 +0100 CET m=+0.269057761" connectionDb=terraform connectionID=4 error="table not found: config" queryTime="2026-03-12 21:20:15.79443561 +0100 CET m=+0.270467124"
time="2026-03-12T21:20:15+01:00" level=warning msg="error running query" connectTime="2026-03-12 21:20:15.793026247 +0100 CET m=+0.269057761" connectionDb=terraform connectionID=4 error="Duplicate key name 'idx_issues_issue_type'" queryTime="2026-03-12 21:20:15.941719405 +0100 CET m=+0.417750918"
time="2026-03-12T21:20:15+01:00" level=warning msg="error running query" connectTime="2026-03-12 21:20:15.793026247 +0100 CET m=+0.269057761" connectionDb=terraform connectionID=4 error="foreign key `fk_dep_depends_on` was not found on the table `dependencies`" queryTime="2026-03-12 21:20:15.942202649 +0100 CET m=+0.418234163"
time="2026-03-12T21:20:16+01:00" level=info msg=NewConnection DisableClientMultiStatements=false connectionID=5
time="2026-03-12T21:20:16+01:00" level=info msg=ConnectionClosed connectionID=5
time="2026-03-12T21:20:19+01:00" level=info msg=ConnectionClosed connectionID=4
time="2026-03-12T21:20:19+01:00" level=info msg=NewConnection DisableClientMultiStatements=false connectionID=6
time="2026-03-12T21:20:19+01:00" level=info msg=ConnectionClosed connectionID=6
time="2026-03-12T21:20:19+01:00" level=info msg=NewConnection DisableClientMultiStatements=false connectionID=7
time="2026-03-12T21:20:19+01:00" level=info msg=NewConnection DisableClientMultiStatements=false connectionID=8
time="2026-03-12T21:20:19+01:00" level=info msg=ConnectionClosed connectionID=7
time="2026-03-12T21:20:19+01:00" level=info msg=ConnectionClosed connectionID=8
time="2026-03-12T21:20:19+01:00" level=info msg=NewConnection DisableClientMultiStatements=false connectionID=9
time="2026-03-12T21:20:19+01:00" level=info msg=ConnectionClosed connectionID=9
time="2026-03-12T21:20:19+01:00" level=info msg=NewConnection DisableClientMultiStatements=false connectionID=10
time="2026-03-12T21:20:19+01:00" level=info msg=NewConnection DisableClientMultiStatements=false connectionID=11
time="2026-03-12T21:20:19+01:00" level=info msg=ConnectionClosed connectionID=10
time="2026-03-12T21:20:19+01:00" level=info msg=ConnectionClosed connectionID=11
time="2026-03-12T21:20:19+01:00" level=info msg=NewConnection DisableClientMultiStatements=false connectionID=12
time="2026-03-12T21:20:19+01:00" level=info msg=ConnectionClosed connectionID=12
time="2026-03-12T21:20:19+01:00" level=info msg=NewConnection DisableClientMultiStatements=false connectionID=13
time="2026-03-12T21:20:19+01:00" level=info msg=NewConnection DisableClientMultiStatements=false connectionID=14
time="2026-03-12T21:20:19+01:00" level=info msg=ConnectionClosed connectionID=13
time="2026-03-12T21:20:19+01:00" level=info msg=ConnectionClosed connectionID=14
time="2026-03-12T21:20:19+01:00" level=info msg=NewConnection DisableClientMultiStatements=false connectionID=15
time="2026-03-12T21:20:19+01:00" level=info msg=ConnectionClosed connectionID=15
time="2026-03-12T21:20:19+01:00" level=info msg=NewConnection DisableClientMultiStatements=false connectionID=16
time="2026-03-12T21:20:19+01:00" level=info msg=ConnectionClosed connectionID=16
Starting server with Config HP="127.0.0.1:44887"|T="28800000"|R="false"|L="info"
time="2026-03-14T11:23:40+01:00" level=info msg="Server ready. Accepting connections."
time="2026-03-14T11:23:40+01:00" level=warning msg="secure_file_priv is set to \"\", which is insecure."
time="2026-03-14T11:23:40+01:00" level=warning msg="Any user with GRANT FILE privileges will be able to read any file which the sql-server process can read."
time="2026-03-14T11:23:40+01:00" level=warning msg="Please consider restarting the server with secure_file_priv set to a safe (or non-existent) directory."
time="2026-03-14T11:23:40+01:00" level=info msg=NewConnection DisableClientMultiStatements=false connectionID=1
time="2026-03-14T11:23:40+01:00" level=info msg=NewConnection DisableClientMultiStatements=false connectionID=2
time="2026-03-14T11:23:40+01:00" level=info msg=ConnectionClosed connectionID=1
time="2026-03-14T11:23:40+01:00" level=info msg=NewConnection DisableClientMultiStatements=false connectionID=3
time="2026-03-14T11:23:40+01:00" level=info msg=ConnectionClosed connectionID=2
time="2026-03-14T11:23:40+01:00" level=info msg=ConnectionClosed connectionID=3
time="2026-03-14T11:25:14+01:00" level=info msg=NewConnection DisableClientMultiStatements=false connectionID=4
time="2026-03-14T11:25:14+01:00" level=info msg=ConnectionClosed connectionID=4
time="2026-03-14T11:25:14+01:00" level=info msg=NewConnection DisableClientMultiStatements=false connectionID=5
time="2026-03-14T11:25:14+01:00" level=info msg=ConnectionClosed connectionID=5
time="2026-03-14T11:25:22+01:00" level=info msg=NewConnection DisableClientMultiStatements=false connectionID=6
time="2026-03-14T11:25:22+01:00" level=info msg=ConnectionClosed connectionID=6
time="2026-03-14T11:25:22+01:00" level=info msg=NewConnection DisableClientMultiStatements=false connectionID=7
time="2026-03-14T11:25:22+01:00" level=info msg=ConnectionClosed connectionID=7
time="2026-03-14T11:25:22+01:00" level=info msg=NewConnection DisableClientMultiStatements=false connectionID=8
time="2026-03-14T11:25:22+01:00" level=info msg=ConnectionClosed connectionID=8
time="2026-03-14T11:25:22+01:00" level=info msg=NewConnection DisableClientMultiStatements=false connectionID=9
time="2026-03-14T11:25:22+01:00" level=info msg=ConnectionClosed connectionID=9
time="2026-03-14T11:25:22+01:00" level=info msg=NewConnection DisableClientMultiStatements=false connectionID=10
time="2026-03-14T11:25:22+01:00" level=info msg=ConnectionClosed connectionID=10
time="2026-03-14T11:25:22+01:00" level=info msg=NewConnection DisableClientMultiStatements=false connectionID=11
time="2026-03-14T11:25:22+01:00" level=info msg=ConnectionClosed connectionID=11
time="2026-03-14T11:25:22+01:00" level=info msg=NewConnection DisableClientMultiStatements=false connectionID=12
time="2026-03-14T11:25:22+01:00" level=info msg=ConnectionClosed connectionID=12
time="2026-03-14T11:25:22+01:00" level=info msg=NewConnection DisableClientMultiStatements=false connectionID=13
time="2026-03-14T11:25:22+01:00" level=info msg=ConnectionClosed connectionID=13
time="2026-03-14T11:25:22+01:00" level=info msg=NewConnection DisableClientMultiStatements=false connectionID=14
time="2026-03-14T11:25:22+01:00" level=info msg=ConnectionClosed connectionID=14
time="2026-03-14T11:25:22+01:00" level=info msg=NewConnection DisableClientMultiStatements=false connectionID=15
time="2026-03-14T11:25:22+01:00" level=info msg=ConnectionClosed connectionID=15
time="2026-03-14T11:25:22+01:00" level=info msg=NewConnection DisableClientMultiStatements=false connectionID=16
time="2026-03-14T11:25:22+01:00" level=info msg=ConnectionClosed connectionID=16
time="2026-03-14T11:25:22+01:00" level=info msg=NewConnection DisableClientMultiStatements=false connectionID=17
time="2026-03-14T11:25:22+01:00" level=info msg=ConnectionClosed connectionID=17
time="2026-03-14T11:25:22+01:00" level=info msg=NewConnection DisableClientMultiStatements=false connectionID=18
time="2026-03-14T11:25:22+01:00" level=error msg="unable to process ComInitDB: database not found: beads" database=beads
time="2026-03-14T11:25:23+01:00" level=error msg="failed to set the database client 18 (127.0.0.1:50566): database not found: beads (errno 1049) (sqlstate HY000)"
time="2026-03-14T11:25:23+01:00" level=info msg=ConnectionClosed connectionID=18
time="2026-03-14T11:25:23+01:00" level=info msg=NewConnection DisableClientMultiStatements=false connectionID=19
time="2026-03-14T11:25:23+01:00" level=info msg=ConnectionClosed connectionID=19
time="2026-03-14T11:25:23+01:00" level=info msg=NewConnection DisableClientMultiStatements=false connectionID=20
time="2026-03-14T11:25:23+01:00" level=info msg=ConnectionClosed connectionID=20
time="2026-03-14T11:25:23+01:00" level=info msg=NewConnection DisableClientMultiStatements=false connectionID=21
time="2026-03-14T11:25:23+01:00" level=info msg=ConnectionClosed connectionID=21
time="2026-03-14T11:25:23+01:00" level=info msg=NewConnection DisableClientMultiStatements=false connectionID=22
time="2026-03-14T11:25:23+01:00" level=info msg=ConnectionClosed connectionID=22
time="2026-03-14T11:25:23+01:00" level=info msg=NewConnection DisableClientMultiStatements=false connectionID=23
time="2026-03-14T11:25:23+01:00" level=info msg=NewConnection DisableClientMultiStatements=false connectionID=24
time="2026-03-14T11:25:23+01:00" level=info msg=ConnectionClosed connectionID=23
time="2026-03-14T11:25:23+01:00" level=info msg=ConnectionClosed connectionID=24
time="2026-03-14T11:25:23+01:00" level=info msg=NewConnection DisableClientMultiStatements=false connectionID=25
time="2026-03-14T11:25:23+01:00" level=info msg=ConnectionClosed connectionID=25
time="2026-03-14T11:25:23+01:00" level=info msg=NewConnection DisableClientMultiStatements=false connectionID=26
time="2026-03-14T11:25:23+01:00" level=info msg=ConnectionClosed connectionID=26
time="2026-03-14T11:25:23+01:00" level=info msg=NewConnection DisableClientMultiStatements=false connectionID=27
time="2026-03-14T11:25:23+01:00" level=info msg=ConnectionClosed connectionID=27
time="2026-03-14T11:25:23+01:00" level=info msg=NewConnection DisableClientMultiStatements=false connectionID=28
time="2026-03-14T11:25:23+01:00" level=info msg=ConnectionClosed connectionID=28
time="2026-03-14T11:25:23+01:00" level=info msg=NewConnection DisableClientMultiStatements=false connectionID=29
time="2026-03-14T11:25:23+01:00" level=info msg=ConnectionClosed connectionID=29
time="2026-03-14T11:25:23+01:00" level=info msg=NewConnection DisableClientMultiStatements=false connectionID=30
time="2026-03-14T11:25:23+01:00" level=info msg=ConnectionClosed connectionID=30
time="2026-03-14T11:25:23+01:00" level=info msg=NewConnection DisableClientMultiStatements=false connectionID=31
time="2026-03-14T11:25:23+01:00" level=error msg="unable to process ComInitDB: database not found: beads" database=beads
time="2026-03-14T11:25:23+01:00" level=error msg="failed to set the database client 31 (127.0.0.1:50690): database not found: beads (errno 1049) (sqlstate HY000)"
time="2026-03-14T11:25:23+01:00" level=info msg=ConnectionClosed connectionID=31
time="2026-03-14T11:25:23+01:00" level=info msg=NewConnection DisableClientMultiStatements=false connectionID=32
time="2026-03-14T11:25:23+01:00" level=info msg=ConnectionClosed connectionID=32
time="2026-03-14T11:25:23+01:00" level=info msg=NewConnection DisableClientMultiStatements=false connectionID=33
time="2026-03-14T11:25:23+01:00" level=info msg=ConnectionClosed connectionID=33
